1516959456419	geckodriver	INFO	geckodriver 0.19.1
1516959456435	geckodriver	INFO	Listening on 127.0.0.1:27251
1516959458498	mozrunner::runner	INFO	Running command: "C:\\Program Files (x86)\\Mozilla Firefox\\firefox.exe" "-marionette" "-profile" "C:\\Users\\JANRAP~1\\AppData\\Local\\Temp\\rust_mozprofile.UKibeHq0FyMQ"
1516959458714	addons.manager	DEBUG	Application has been upgraded
1516959458747	addons.manager	DEBUG	Loaded provider scope for resource://gre/modules/addons/XPIProvider.jsm: ["XPIProvider", "XPIInternal"]
1516959458749	addons.manager	DEBUG	Loaded provider scope for resource://gre/modules/LightweightThemeManager.jsm: ["LightweightThemeManager"]
1516959458767	addons.manager	DEBUG	Loaded provider scope for resource://gre/modules/addons/GMPProvider.jsm
1516959458769	addons.manager	DEBUG	Loaded provider scope for resource://gre/modules/addons/PluginProvider.jsm
1516959458769	addons.manager	DEBUG	Starting provider: XPIProvider
1516959458770	addons.xpi	DEBUG	startup
1516959458770	addons.xpi	INFO	SystemAddonInstallLocation directory is missing
1516959458770	addons.xpi	INFO	Removing all system add-on upgrades.
1516959458771	addons.xpi	DEBUG	checkForChanges
1516959458771	addons.xpi	DEBUG	Loaded add-on state: ${}
1516959458772	addons.xpi	INFO	Mapping activity-stream@mozilla.org to C:\Program Files (x86)\Mozilla Firefox\browser\features\activity-stream@mozilla.org.xpi
1516959458772	addons.xpi	INFO	Mapping aushelper@mozilla.org to C:\Program Files (x86)\Mozilla Firefox\browser\features\aushelper@mozilla.org.xpi
1516959458772	addons.xpi	INFO	Mapping e10srollout@mozilla.org to C:\Program Files (x86)\Mozilla Firefox\browser\features\e10srollout@mozilla.org.xpi
1516959458772	addons.xpi	INFO	Mapping firefox@getpocket.com to C:\Program Files (x86)\Mozilla Firefox\browser\features\firefox@getpocket.com.xpi
1516959458772	addons.xpi	INFO	Mapping followonsearch@mozilla.com to C:\Program Files (x86)\Mozilla Firefox\browser\features\followonsearch@mozilla.com.xpi
1516959458772	addons.xpi	INFO	Mapping formautofill@mozilla.org to C:\Program Files (x86)\Mozilla Firefox\browser\features\formautofill@mozilla.org.xpi
1516959458772	addons.xpi	INFO	Mapping onboarding@mozilla.org to C:\Program Files (x86)\Mozilla Firefox\browser\features\onboarding@mozilla.org.xpi
1516959458772	addons.xpi	INFO	Mapping screenshots@mozilla.org to C:\Program Files (x86)\Mozilla Firefox\browser\features\screenshots@mozilla.org.xpi
1516959458773	addons.xpi	INFO	Mapping shield-recipe-client@mozilla.org to C:\Program Files (x86)\Mozilla Firefox\browser\features\shield-recipe-client@mozilla.org.xpi
1516959458773	addons.xpi	INFO	Mapping webcompat@mozilla.org to C:\Program Files (x86)\Mozilla Firefox\browser\features\webcompat@mozilla.org.xpi
1516959458773	addons.xpi	DEBUG	New add-on activity-stream@mozilla.org in app-system-defaults
1516959458774	addons.xpi	INFO	Mapping activity-stream@mozilla.org to C:\Program Files (x86)\Mozilla Firefox\browser\features\activity-stream@mozilla.org.xpi
1516959458775	addons.xpi	DEBUG	New add-on aushelper@mozilla.org in app-system-defaults
1516959458775	addons.xpi	INFO	Mapping aushelper@mozilla.org to C:\Program Files (x86)\Mozilla Firefox\browser\features\aushelper@mozilla.org.xpi
1516959458775	addons.xpi	DEBUG	New add-on e10srollout@mozilla.org in app-system-defaults
1516959458776	addons.xpi	INFO	Mapping e10srollout@mozilla.org to C:\Program Files (x86)\Mozilla Firefox\browser\features\e10srollout@mozilla.org.xpi
1516959458776	addons.xpi	DEBUG	New add-on firefox@getpocket.com in app-system-defaults
1516959458776	addons.xpi	INFO	Mapping firefox@getpocket.com to C:\Program Files (x86)\Mozilla Firefox\browser\features\firefox@getpocket.com.xpi
1516959458776	addons.xpi	DEBUG	New add-on followonsearch@mozilla.com in app-system-defaults
1516959458777	addons.xpi	INFO	Mapping followonsearch@mozilla.com to C:\Program Files (x86)\Mozilla Firefox\browser\features\followonsearch@mozilla.com.xpi
1516959458777	addons.xpi	DEBUG	New add-on formautofill@mozilla.org in app-system-defaults
1516959458777	addons.xpi	INFO	Mapping formautofill@mozilla.org to C:\Program Files (x86)\Mozilla Firefox\browser\features\formautofill@mozilla.org.xpi
1516959458777	addons.xpi	DEBUG	New add-on onboarding@mozilla.org in app-system-defaults
1516959458777	addons.xpi	INFO	Mapping onboarding@mozilla.org to C:\Program Files (x86)\Mozilla Firefox\browser\features\onboarding@mozilla.org.xpi
1516959458778	addons.xpi	DEBUG	New add-on screenshots@mozilla.org in app-system-defaults
1516959458778	addons.xpi	INFO	Mapping screenshots@mozilla.org to C:\Program Files (x86)\Mozilla Firefox\browser\features\screenshots@mozilla.org.xpi
1516959458778	addons.xpi	DEBUG	New add-on shield-recipe-client@mozilla.org in app-system-defaults
1516959458778	addons.xpi	INFO	Mapping shield-recipe-client@mozilla.org to C:\Program Files (x86)\Mozilla Firefox\browser\features\shield-recipe-client@mozilla.org.xpi
1516959458778	addons.xpi	DEBUG	New add-on webcompat@mozilla.org in app-system-defaults
1516959458778	addons.xpi	INFO	Mapping webcompat@mozilla.org to C:\Program Files (x86)\Mozilla Firefox\browser\features\webcompat@mozilla.org.xpi
1516959458779	addons.xpi	INFO	Mapping {972ce4c6-7e08-4474-a285-3208198ce6fd} to C:\Program Files (x86)\Mozilla Firefox\browser\extensions\{972ce4c6-7e08-4474-a285-3208198ce6fd}.xpi
1516959458779	addons.xpi	DEBUG	New add-on {972ce4c6-7e08-4474-a285-3208198ce6fd} in app-global
1516959458780	addons.xpi	INFO	Mapping {972ce4c6-7e08-4474-a285-3208198ce6fd} to C:\Program Files (x86)\Mozilla Firefox\browser\extensions\{972ce4c6-7e08-4474-a285-3208198ce6fd}.xpi
1516959458780	addons.xpi	DEBUG	getInstallState changed: true, state: {}
1516959458781	addons.xpi	INFO	SystemAddonInstallLocation directory is missing
1516959458785	addons.xpi-utils	DEBUG	Opening XPI database C:\Users\janrapees\AppData\Local\Temp\rust_mozprofile.UKibeHq0FyMQ\extensions.json
1516959458786	addons.xpi-utils	DEBUG	New add-on activity-stream@mozilla.org installed in app-system-defaults
*** Blocklist::_loadBlocklistFromFile: blocklist is disabled
1516959458805	DeferredSave.extensions.json	DEBUG	Save changes
1516959458806	addons.xpi-utils	DEBUG	New add-on aushelper@mozilla.org installed in app-system-defaults
1516959458808	DeferredSave.extensions.json	DEBUG	Starting timer
1516959458809	DeferredSave.extensions.json	DEBUG	Save changes
1516959458810	addons.xpi-utils	DEBUG	New add-on e10srollout@mozilla.org installed in app-system-defaults
1516959458813	DeferredSave.extensions.json	DEBUG	Save changes
1516959458813	addons.xpi-utils	DEBUG	New add-on firefox@getpocket.com installed in app-system-defaults
1516959458817	DeferredSave.extensions.json	DEBUG	Save changes
1516959458817	addons.xpi-utils	DEBUG	New add-on followonsearch@mozilla.com installed in app-system-defaults
1516959458820	DeferredSave.extensions.json	DEBUG	Save changes
1516959458820	addons.xpi-utils	DEBUG	New add-on formautofill@mozilla.org installed in app-system-defaults
1516959458825	DeferredSave.extensions.json	DEBUG	Save changes
1516959458825	addons.xpi-utils	DEBUG	New add-on onboarding@mozilla.org installed in app-system-defaults
1516959458828	DeferredSave.extensions.json	DEBUG	Save changes
1516959458828	addons.xpi-utils	DEBUG	New add-on screenshots@mozilla.org installed in app-system-defaults
1516959458832	DeferredSave.extensions.json	DEBUG	Save changes
1516959458833	addons.xpi-utils	DEBUG	New add-on shield-recipe-client@mozilla.org installed in app-system-defaults
1516959458835	DeferredSave.extensions.json	DEBUG	Save changes
1516959458835	addons.xpi-utils	DEBUG	New add-on webcompat@mozilla.org installed in app-system-defaults
1516959458838	DeferredSave.extensions.json	DEBUG	Save changes
1516959458838	addons.xpi-utils	DEBUG	New add-on {972ce4c6-7e08-4474-a285-3208198ce6fd} installed in app-global
1516959458856	DeferredSave.extensions.json	DEBUG	Save changes
1516959458857	addons.manager	DEBUG	Registering startup change 'installed' for activity-stream@mozilla.org
1516959458864	addons.xpi	DEBUG	Loading bootstrap scope from C:\Program Files (x86)\Mozilla Firefox\browser\features\activity-stream@mozilla.org.xpi
1516959458867	addons.xpi	DEBUG	Calling bootstrap method install on activity-stream@mozilla.org version 2017.11.07.1100-7f4e3634
1516959458867	addons.xpi-utils	DEBUG	Make addon app-system-defaults:activity-stream@mozilla.org visible
1516959458867	addons.xpi	DEBUG	Updating XPIState for {"id":"activity-stream@mozilla.org","syncGUID":"{cc4bbede-9101-4903-ad60-7dbb55400e3a}","location":"app-system-defaults","version":"2017.11.07.1100-7f4e3634","type":"extension","internalName":null,"updateURL":null,"updateKey":null,"optionsURL":null,"optionsType":null,"aboutURL":null,"defaultLocale":{"name":"Activity Stream","description":"A rich visual history feed and a reimagined home page make it easier than ever to find exactly what you're looking for in Firefox.","creator":null,"homepageURL":null},"visible":true,"active":false,"userDisabled":false,"appDisabled":false,"installDate":1516959154873,"updateDate":1516959154873,"applyBackgroundUpdates":1,"bootstrap":true,"path":"C:\\Program Files (x86)\\Mozilla Firefox\\browser\\features\\activity-stream@mozilla.org.xpi","skinnable":false,"size":1423182,"sourceURI":null,"releaseNotesURI":null,"softDisabled":false,"foreignInstall":false,"hasBinaryComponents":false,"strictCompatibility":false,"locales":[],"targetApplications":[{"id":"{ec8030f7-c20a-464f-9b0e-13a3a9e97384}","minVersion":"57.0.4","maxVersion":"57.*"}],"targetPlatforms":[],"multiprocessCompatible":true,"seen":true,"dependencies":[],"hasEmbeddedWebExtension":false,"mpcOptedOut":false,"userPermissions":null,"icons":{},"iconURL":null,"icon64URL":null,"blocklistState":0,"blocklistURL":null}
1516959458869	DeferredSave.extensions.json	DEBUG	Save changes
1516959458869	addons.manager	DEBUG	Registering startup change 'installed' for aushelper@mozilla.org
1516959458870	addons.xpi	DEBUG	Loading bootstrap scope from C:\Program Files (x86)\Mozilla Firefox\browser\features\aushelper@mozilla.org.xpi
1516959458872	addons.xpi	DEBUG	Calling bootstrap method install on aushelper@mozilla.org version 2.0
1516959458872	addons.xpi-utils	DEBUG	Make addon app-system-defaults:aushelper@mozilla.org visible
1516959458872	addons.xpi	DEBUG	Updating XPIState for {"id":"aushelper@mozilla.org","syncGUID":"{c0357073-28a1-44c4-a43d-96989acc1e05}","location":"app-system-defaults","version":"2.0","type":"extension","internalName":null,"updateURL":null,"updateKey":null,"optionsURL":null,"optionsType":null,"aboutURL":null,"defaultLocale":{"name":"Application Update Service Helper","description":"Sets value(s) in the update url based on custom checks.","creator":null,"homepageURL":null},"visible":true,"active":false,"userDisabled":false,"appDisabled":false,"installDate":1516959154818,"updateDate":1516959154818,"applyBackgroundUpdates":1,"bootstrap":true,"path":"C:\\Program Files (x86)\\Mozilla Firefox\\browser\\features\\aushelper@mozilla.org.xpi","skinnable":false,"size":8488,"sourceURI":null,"releaseNotesURI":null,"softDisabled":false,"foreignInstall":false,"hasBinaryComponents":false,"strictCompatibility":false,"locales":[],"targetApplications":[{"id":"{ec8030f7-c20a-464f-9b0e-13a3a9e97384}","minVersion":"57.0.4","maxVersion":"57.*"}],"targetPlatforms":[],"multiprocessCompatible":true,"seen":true,"dependencies":[],"hasEmbeddedWebExtension":false,"mpcOptedOut":false,"userPermissions":null,"icons":{},"iconURL":null,"icon64URL":null,"blocklistState":0,"blocklistURL":null}
1516959458873	DeferredSave.extensions.json	DEBUG	Save changes
1516959458873	addons.manager	DEBUG	Registering startup change 'installed' for e10srollout@mozilla.org
1516959458873	addons.xpi	DEBUG	Loading bootstrap scope from C:\Program Files (x86)\Mozilla Firefox\browser\features\e10srollout@mozilla.org.xpi
1516959458882	addons.xpi	DEBUG	Calling bootstrap method install on e10srollout@mozilla.org version 3.05
1516959458883	addons.xpi-utils	DEBUG	Make addon app-system-defaults:e10srollout@mozilla.org visible
1516959458883	addons.xpi	DEBUG	Updating XPIState for {"id":"e10srollout@mozilla.org","syncGUID":"{415e0f9a-f34f-4616-9d17-4e28e9cbf098}","location":"app-system-defaults","version":"3.05","type":"extension","internalName":null,"updateURL":null,"updateKey":null,"optionsURL":null,"optionsType":null,"aboutURL":null,"defaultLocale":{"name":"Multi-process staged rollout","description":"Staged rollout of Firefox multi-process feature.","creator":null,"homepageURL":null},"visible":true,"active":false,"userDisabled":false,"appDisabled":false,"installDate":1516959154815,"updateDate":1516959154815,"applyBackgroundUpdates":1,"bootstrap":true,"path":"C:\\Program Files (x86)\\Mozilla Firefox\\browser\\features\\e10srollout@mozilla.org.xpi","skinnable":false,"size":13479,"sourceURI":null,"releaseNotesURI":null,"softDisabled":false,"foreignInstall":false,"hasBinaryComponents":false,"strictCompatibility":false,"locales":[],"targetApplications":[{"id":"{ec8030f7-c20a-464f-9b0e-13a3a9e97384}","minVersion":"57.0.4","maxVersion":"57.*"}],"targetPlatforms":[],"multiprocessCompatible":true,"seen":true,"dependencies":[],"hasEmbeddedWebExtension":false,"mpcOptedOut":false,"userPermissions":null,"icons":{},"iconURL":null,"icon64URL":null,"blocklistState":0,"blocklistURL":null}
1516959458883	DeferredSave.extensions.json	DEBUG	Save changes
1516959458883	addons.manager	DEBUG	Registering startup change 'installed' for firefox@getpocket.com
1516959458884	addons.xpi	DEBUG	Loading bootstrap scope from C:\Program Files (x86)\Mozilla Firefox\browser\features\firefox@getpocket.com.xpi
1516959458888	addons.xpi	DEBUG	Calling bootstrap method install on firefox@getpocket.com version 1.0.5
1516959458888	addons.xpi-utils	DEBUG	Make addon app-system-defaults:firefox@getpocket.com visible
1516959458889	addons.xpi	DEBUG	Updating XPIState for {"id":"firefox@getpocket.com","syncGUID":"{900c35db-15c7-458e-917d-2ab9b56c39a5}","location":"app-system-defaults","version":"1.0.5","type":"extension","internalName":null,"updateURL":null,"updateKey":null,"optionsURL":null,"optionsType":null,"aboutURL":null,"defaultLocale":{"name":"Pocket","description":"When you find something you want to view later, put it in Pocket.","creator":null,"homepageURL":null},"visible":true,"active":false,"userDisabled":false,"appDisabled":false,"installDate":1516959154811,"updateDate":1516959154811,"applyBackgroundUpdates":1,"bootstrap":true,"path":"C:\\Program Files (x86)\\Mozilla Firefox\\browser\\features\\firefox@getpocket.com.xpi","skinnable":false,"size":916331,"sourceURI":null,"releaseNotesURI":null,"softDisabled":false,"foreignInstall":false,"hasBinaryComponents":false,"strictCompatibility":false,"locales":[],"targetApplications":[{"id":"{ec8030f7-c20a-464f-9b0e-13a3a9e97384}","minVersion":"57.0.4","maxVersion":"57.*"}],"targetPlatforms":[],"multiprocessCompatible":true,"seen":true,"dependencies":[],"hasEmbeddedWebExtension":false,"mpcOptedOut":false,"userPermissions":null,"icons":{},"iconURL":null,"icon64URL":null,"blocklistState":0,"blocklistURL":null}
1516959458889	DeferredSave.extensions.json	DEBUG	Save changes
1516959458889	addons.manager	DEBUG	Registering startup change 'installed' for followonsearch@mozilla.com
1516959458890	addons.xpi	DEBUG	Loading bootstrap scope from C:\Program Files (x86)\Mozilla Firefox\browser\features\followonsearch@mozilla.com.xpi
1516959458892	addons.xpi	DEBUG	Calling bootstrap method install on followonsearch@mozilla.com version 0.9.6
1516959458892	addons.xpi-utils	DEBUG	Make addon app-system-defaults:followonsearch@mozilla.com visible
1516959458892	addons.xpi	DEBUG	Updating XPIState for {"id":"followonsearch@mozilla.com","syncGUID":"{653e97f3-f531-4548-86fb-dab55494cc24}","location":"app-system-defaults","version":"0.9.6","type":"extension","internalName":null,"updateURL":null,"updateKey":null,"optionsURL":null,"optionsType":null,"aboutURL":null,"defaultLocale":{"name":"Follow-on Search Telemetry","description":null,"creator":null,"homepageURL":null},"visible":true,"active":false,"userDisabled":false,"appDisabled":false,"installDate":1516959154761,"updateDate":1516959154761,"applyBackgroundUpdates":1,"bootstrap":true,"path":"C:\\Program Files (x86)\\Mozilla Firefox\\browser\\features\\followonsearch@mozilla.com.xpi","skinnable":false,"size":18625,"sourceURI":null,"releaseNotesURI":null,"softDisabled":false,"foreignInstall":false,"hasBinaryComponents":false,"strictCompatibility":false,"locales":[],"targetApplications":[{"id":"{ec8030f7-c20a-464f-9b0e-13a3a9e97384}","minVersion":"52.0","maxVersion":"59.*"}],"targetPlatforms":[],"multiprocessCompatible":true,"seen":true,"dependencies":[],"hasEmbeddedWebExtension":false,"mpcOptedOut":false,"userPermissions":null,"icons":{},"iconURL":null,"icon64URL":null,"blocklistState":0,"blocklistURL":null}
1516959458893	DeferredSave.extensions.json	DEBUG	Save changes
1516959458893	addons.manager	DEBUG	Registering startup change 'installed' for formautofill@mozilla.org
1516959458893	addons.xpi	DEBUG	Loading bootstrap scope from C:\Program Files (x86)\Mozilla Firefox\browser\features\formautofill@mozilla.org.xpi
1516959458895	addons.xpi	DEBUG	Calling bootstrap method install on formautofill@mozilla.org version 1.0
1516959458895	addons.xpi-utils	DEBUG	Make addon app-system-defaults:formautofill@mozilla.org visible
1516959458896	addons.xpi	DEBUG	Updating XPIState for {"id":"formautofill@mozilla.org","syncGUID":"{3cdbeb3c-1cc7-474b-b06d-5df17d9354fa}","location":"app-system-defaults","version":"1.0","type":"extension","internalName":null,"updateURL":null,"updateKey":null,"optionsURL":null,"optionsType":null,"aboutURL":null,"defaultLocale":{"name":"Form Autofill","description":"Autofill forms with saved profiles","creator":null,"homepageURL":null},"visible":true,"active":false,"userDisabled":false,"appDisabled":false,"installDate":1516959154758,"updateDate":1516959154758,"applyBackgroundUpdates":1,"bootstrap":true,"path":"C:\\Program Files (x86)\\Mozilla Firefox\\browser\\features\\formautofill@mozilla.org.xpi","skinnable":false,"size":380181,"sourceURI":null,"releaseNotesURI":null,"softDisabled":false,"foreignInstall":false,"hasBinaryComponents":false,"strictCompatibility":false,"locales":[],"targetApplications":[{"id":"{ec8030f7-c20a-464f-9b0e-13a3a9e97384}","minVersion":"57.0.4","maxVersion":"57.*"}],"targetPlatforms":[],"multiprocessCompatible":true,"seen":true,"dependencies":[],"hasEmbeddedWebExtension":false,"mpcOptedOut":false,"userPermissions":null,"icons":{},"iconURL":null,"icon64URL":null,"blocklistState":0,"blocklistURL":null}
1516959458896	DeferredSave.extensions.json	DEBUG	Save changes
1516959458896	addons.manager	DEBUG	Registering startup change 'installed' for onboarding@mozilla.org
1516959458897	addons.xpi	DEBUG	Loading bootstrap scope from C:\Program Files (x86)\Mozilla Firefox\browser\features\onboarding@mozilla.org.xpi
1516959458899	addons.xpi	DEBUG	Calling bootstrap method install on onboarding@mozilla.org version 1.0
1516959458899	addons.xpi-utils	DEBUG	Make addon app-system-defaults:onboarding@mozilla.org visible
1516959458899	addons.xpi	DEBUG	Updating XPIState for {"id":"onboarding@mozilla.org","syncGUID":"{be5bd723-4868-40d9-a4d9-f3ac750e22d6}","location":"app-system-defaults","version":"1.0","type":"extension","internalName":null,"updateURL":null,"updateKey":null,"optionsURL":null,"optionsType":null,"aboutURL":null,"defaultLocale":{"name":"Photon onboarding","description":"Photon onboarding","creator":null,"homepageURL":null},"visible":true,"active":false,"userDisabled":false,"appDisabled":false,"installDate":1516959154746,"updateDate":1516959154746,"applyBackgroundUpdates":1,"bootstrap":true,"path":"C:\\Program Files (x86)\\Mozilla Firefox\\browser\\features\\onboarding@mozilla.org.xpi","skinnable":false,"size":556889,"sourceURI":null,"releaseNotesURI":null,"softDisabled":false,"foreignInstall":false,"hasBinaryComponents":false,"strictCompatibility":false,"locales":[],"targetApplications":[{"id":"{ec8030f7-c20a-464f-9b0e-13a3a9e97384}","minVersion":"57.0.4","maxVersion":"57.*"}],"targetPlatforms":[],"multiprocessCompatible":true,"seen":true,"dependencies":[],"hasEmbeddedWebExtension":false,"mpcOptedOut":false,"userPermissions":null,"icons":{},"iconURL":null,"icon64URL":null,"blocklistState":0,"blocklistURL":null}
1516959458900	DeferredSave.extensions.json	DEBUG	Save changes
1516959458900	addons.manager	DEBUG	Registering startup change 'installed' for screenshots@mozilla.org
1516959458900	addons.xpi	DEBUG	Loading bootstrap scope from C:\Program Files (x86)\Mozilla Firefox\browser\features\screenshots@mozilla.org.xpi
1516959458903	addons.xpi	DEBUG	Calling bootstrap method install on screenshots@mozilla.org version 19.2.0
1516959458903	addons.xpi-utils	DEBUG	Make addon app-system-defaults:screenshots@mozilla.org visible
1516959458904	addons.xpi	DEBUG	Updating XPIState for {"id":"screenshots@mozilla.org","syncGUID":"{ab1a5268-673d-4da9-b03a-041d00e81c55}","location":"app-system-defaults","version":"19.2.0","type":"extension","internalName":null,"updateURL":null,"updateKey":null,"optionsURL":null,"optionsType":null,"aboutURL":null,"defaultLocale":{"name":"Firefox Screenshots","description":null,"creator":null,"homepageURL":"https://screenshots.firefox.com/"},"visible":true,"active":false,"userDisabled":false,"appDisabled":false,"installDate":1516959154722,"updateDate":1516959154722,"applyBackgroundUpdates":1,"bootstrap":true,"path":"C:\\Program Files (x86)\\Mozilla Firefox\\browser\\features\\screenshots@mozilla.org.xpi","skinnable":false,"size":884473,"sourceURI":null,"releaseNotesURI":null,"softDisabled":false,"foreignInstall":false,"hasBinaryComponents":false,"strictCompatibility":false,"locales":[],"targetApplications":[{"id":"{ec8030f7-c20a-464f-9b0e-13a3a9e97384}","minVersion":"57.0a1","maxVersion":"*"}],"targetPlatforms":[],"multiprocessCompatible":true,"seen":true,"dependencies":[],"hasEmbeddedWebExtension":false,"mpcOptedOut":false,"userPermissions":null,"icons":{},"iconURL":null,"icon64URL":null,"blocklistState":0,"blocklistURL":null}
1516959458904	DeferredSave.extensions.json	DEBUG	Save changes
1516959458904	addons.manager	DEBUG	Registering startup change 'installed' for shield-recipe-client@mozilla.org
1516959458904	addons.xpi	DEBUG	Loading bootstrap scope from C:\Program Files (x86)\Mozilla Firefox\browser\features\shield-recipe-client@mozilla.org.xpi
1516959458908	addons.xpi	DEBUG	Calling bootstrap method install on shield-recipe-client@mozilla.org version 76.1
1516959458909	addons.xpi-utils	DEBUG	Make addon app-system-defaults:shield-recipe-client@mozilla.org visible
1516959458909	addons.xpi	DEBUG	Updating XPIState for {"id":"shield-recipe-client@mozilla.org","syncGUID":"{b26e6564-9a72-45cb-bb70-ab7af3d111fd}","location":"app-system-defaults","version":"76.1","type":"extension","internalName":null,"updateURL":null,"updateKey":null,"optionsURL":null,"optionsType":null,"aboutURL":null,"defaultLocale":{"name":"Shield Recipe Client","description":"Client to download and run recipes for SHIELD, Heartbeat, etc.","creator":null,"homepageURL":null},"visible":true,"active":false,"userDisabled":false,"appDisabled":false,"installDate":1516959154672,"updateDate":1516959154672,"applyBackgroundUpdates":1,"bootstrap":true,"path":"C:\\Program Files (x86)\\Mozilla Firefox\\browser\\features\\shield-recipe-client@mozilla.org.xpi","skinnable":false,"size":364002,"sourceURI":null,"releaseNotesURI":null,"softDisabled":false,"foreignInstall":false,"hasBinaryComponents":false,"strictCompatibility":false,"locales":[],"targetApplications":[{"id":"{ec8030f7-c20a-464f-9b0e-13a3a9e97384}","minVersion":"57.0.4","maxVersion":"57.*"}],"targetPlatforms":[],"multiprocessCompatible":true,"seen":true,"dependencies":[],"hasEmbeddedWebExtension":false,"mpcOptedOut":false,"userPermissions":null,"icons":{},"iconURL":null,"icon64URL":null,"blocklistState":0,"blocklistURL":null}
1516959458909	DeferredSave.extensions.json	DEBUG	Save changes
1516959458909	addons.manager	DEBUG	Registering startup change 'installed' for webcompat@mozilla.org
1516959458910	addons.xpi	DEBUG	Loading bootstrap scope from C:\Program Files (x86)\Mozilla Firefox\browser\features\webcompat@mozilla.org.xpi
1516959458911	addons.xpi	DEBUG	Calling bootstrap method install on webcompat@mozilla.org version 1.1
1516959458911	addons.xpi-utils	DEBUG	Make addon app-system-defaults:webcompat@mozilla.org visible
1516959458912	addons.xpi	DEBUG	Updating XPIState for {"id":"webcompat@mozilla.org","syncGUID":"{75b3aa4b-397c-4d0b-b952-25baebec8dd5}","location":"app-system-defaults","version":"1.1","type":"extension","internalName":null,"updateURL":null,"updateKey":null,"optionsURL":null,"optionsType":null,"aboutURL":null,"defaultLocale":{"name":"Web Compat","description":"Urgent post-release fixes for web compatibility.","creator":null,"homepageURL":null},"visible":true,"active":false,"userDisabled":false,"appDisabled":false,"installDate":1516959154656,"updateDate":1516959154656,"applyBackgroundUpdates":1,"bootstrap":true,"path":"C:\\Program Files (x86)\\Mozilla Firefox\\browser\\features\\webcompat@mozilla.org.xpi","skinnable":false,"size":9268,"sourceURI":null,"releaseNotesURI":null,"softDisabled":false,"foreignInstall":false,"hasBinaryComponents":false,"strictCompatibility":false,"locales":[],"targetApplications":[{"id":"{ec8030f7-c20a-464f-9b0e-13a3a9e97384}","minVersion":"57.0.4","maxVersion":"57.*"}],"targetPlatforms":[],"multiprocessCompatible":true,"seen":true,"dependencies":[],"hasEmbeddedWebExtension":false,"mpcOptedOut":false,"userPermissions":null,"icons":{},"iconURL":null,"icon64URL":null,"blocklistState":0,"blocklistURL":null}
1516959458912	DeferredSave.extensions.json	DEBUG	Save changes
1516959458913	addons.xpi-utils	DEBUG	Make addon app-global:{972ce4c6-7e08-4474-a285-3208198ce6fd} visible
1516959458913	addons.xpi	DEBUG	Updating XPIState for {"id":"{972ce4c6-7e08-4474-a285-3208198ce6fd}","syncGUID":"{5ce1bf36-94c1-41f7-a8c3-0155eebe0f6d}","location":"app-global","version":"57.0.4","type":"theme","internalName":"classic/1.0","updateURL":null,"updateKey":null,"optionsURL":null,"optionsType":null,"optionsBrowserStyle":null,"aboutURL":null,"defaultLocale":{"name":"Default","description":"The default theme.","creator":"Mozilla","homepageURL":null,"contributors":["Mozilla Contributors"]},"visible":true,"active":false,"userDisabled":false,"appDisabled":false,"installDate":1516959154875,"updateDate":1516959154875,"applyBackgroundUpdates":1,"path":"C:\\Program Files (x86)\\Mozilla Firefox\\browser\\extensions\\{972ce4c6-7e08-4474-a285-3208198ce6fd}.xpi","skinnable":true,"size":3354,"sourceURI":null,"releaseNotesURI":null,"softDisabled":false,"foreignInstall":false,"hasBinaryComponents":false,"strictCompatibility":true,"locales":[],"targetApplications":[{"id":"{ec8030f7-c20a-464f-9b0e-13a3a9e97384}","minVersion":"57.0.4","maxVersion":"57.0.4"}],"targetPlatforms":[],"seen":true,"dependencies":[],"hasEmbeddedWebExtension":false,"userPermissions":null,"icons":{},"iconURL":"chrome://browser/content/default-theme-icon.svg","icon64URL":null,"blocklistState":0,"blocklistURL":null}
1516959458914	DeferredSave.extensions.json	DEBUG	Save changes
1516959458914	addons.xpi	DEBUG	Updating XPIState for {"id":"activity-stream@mozilla.org","syncGUID":"{cc4bbede-9101-4903-ad60-7dbb55400e3a}","location":"app-system-defaults","version":"2017.11.07.1100-7f4e3634","type":"extension","internalName":null,"updateURL":null,"updateKey":null,"optionsURL":null,"optionsType":null,"aboutURL":null,"defaultLocale":{"name":"Activity Stream","description":"A rich visual history feed and a reimagined home page make it easier than ever to find exactly what you're looking for in Firefox.","creator":null,"homepageURL":null},"visible":true,"active":true,"userDisabled":false,"appDisabled":false,"installDate":1516959154873,"updateDate":1516959154873,"applyBackgroundUpdates":1,"bootstrap":true,"path":"C:\\Program Files (x86)\\Mozilla Firefox\\browser\\features\\activity-stream@mozilla.org.xpi","skinnable":false,"size":1423182,"sourceURI":null,"releaseNotesURI":null,"softDisabled":false,"foreignInstall":false,"hasBinaryComponents":false,"strictCompatibility":false,"locales":[],"targetApplications":[{"id":"{ec8030f7-c20a-464f-9b0e-13a3a9e97384}","minVersion":"57.0.4","maxVersion":"57.*"}],"targetPlatforms":[],"multiprocessCompatible":true,"seen":true,"dependencies":[],"hasEmbeddedWebExtension":false,"mpcOptedOut":false,"userPermissions":null,"icons":{},"iconURL":null,"icon64URL":null,"blocklistState":0,"blocklistURL":null}
1516959458915	addons.xpi	DEBUG	Updating XPIState for {"id":"aushelper@mozilla.org","syncGUID":"{c0357073-28a1-44c4-a43d-96989acc1e05}","location":"app-system-defaults","version":"2.0","type":"extension","internalName":null,"updateURL":null,"updateKey":null,"optionsURL":null,"optionsType":null,"aboutURL":null,"defaultLocale":{"name":"Application Update Service Helper","description":"Sets value(s) in the update url based on custom checks.","creator":null,"homepageURL":null},"visible":true,"active":true,"userDisabled":false,"appDisabled":false,"installDate":1516959154818,"updateDate":1516959154818,"applyBackgroundUpdates":1,"bootstrap":true,"path":"C:\\Program Files (x86)\\Mozilla Firefox\\browser\\features\\aushelper@mozilla.org.xpi","skinnable":false,"size":8488,"sourceURI":null,"releaseNotesURI":null,"softDisabled":false,"foreignInstall":false,"hasBinaryComponents":false,"strictCompatibility":false,"locales":[],"targetApplications":[{"id":"{ec8030f7-c20a-464f-9b0e-13a3a9e97384}","minVersion":"57.0.4","maxVersion":"57.*"}],"targetPlatforms":[],"multiprocessCompatible":true,"seen":true,"dependencies":[],"hasEmbeddedWebExtension":false,"mpcOptedOut":false,"userPermissions":null,"icons":{},"iconURL":null,"icon64URL":null,"blocklistState":0,"blocklistURL":null}
1516959458915	addons.xpi	DEBUG	Updating XPIState for {"id":"e10srollout@mozilla.org","syncGUID":"{415e0f9a-f34f-4616-9d17-4e28e9cbf098}","location":"app-system-defaults","version":"3.05","type":"extension","internalName":null,"updateURL":null,"updateKey":null,"optionsURL":null,"optionsType":null,"aboutURL":null,"defaultLocale":{"name":"Multi-process staged rollout","description":"Staged rollout of Firefox multi-process feature.","creator":null,"homepageURL":null},"visible":true,"active":true,"userDisabled":false,"appDisabled":false,"installDate":1516959154815,"updateDate":1516959154815,"applyBackgroundUpdates":1,"bootstrap":true,"path":"C:\\Program Files (x86)\\Mozilla Firefox\\browser\\features\\e10srollout@mozilla.org.xpi","skinnable":false,"size":13479,"sourceURI":null,"releaseNotesURI":null,"softDisabled":false,"foreignInstall":false,"hasBinaryComponents":false,"strictCompatibility":false,"locales":[],"targetApplications":[{"id":"{ec8030f7-c20a-464f-9b0e-13a3a9e97384}","minVersion":"57.0.4","maxVersion":"57.*"}],"targetPlatforms":[],"multiprocessCompatible":true,"seen":true,"dependencies":[],"hasEmbeddedWebExtension":false,"mpcOptedOut":false,"userPermissions":null,"icons":{},"iconURL":null,"icon64URL":null,"blocklistState":0,"blocklistURL":null}
1516959458915	addons.xpi	DEBUG	Updating XPIState for {"id":"firefox@getpocket.com","syncGUID":"{900c35db-15c7-458e-917d-2ab9b56c39a5}","location":"app-system-defaults","version":"1.0.5","type":"extension","internalName":null,"updateURL":null,"updateKey":null,"optionsURL":null,"optionsType":null,"aboutURL":null,"defaultLocale":{"name":"Pocket","description":"When you find something you want to view later, put it in Pocket.","creator":null,"homepageURL":null},"visible":true,"active":true,"userDisabled":false,"appDisabled":false,"installDate":1516959154811,"updateDate":1516959154811,"applyBackgroundUpdates":1,"bootstrap":true,"path":"C:\\Program Files (x86)\\Mozilla Firefox\\browser\\features\\firefox@getpocket.com.xpi","skinnable":false,"size":916331,"sourceURI":null,"releaseNotesURI":null,"softDisabled":false,"foreignInstall":false,"hasBinaryComponents":false,"strictCompatibility":false,"locales":[],"targetApplications":[{"id":"{ec8030f7-c20a-464f-9b0e-13a3a9e97384}","minVersion":"57.0.4","maxVersion":"57.*"}],"targetPlatforms":[],"multiprocessCompatible":true,"seen":true,"dependencies":[],"hasEmbeddedWebExtension":false,"mpcOptedOut":false,"userPermissions":null,"icons":{},"iconURL":null,"icon64URL":null,"blocklistState":0,"blocklistURL":null}
1516959458916	addons.xpi	DEBUG	Updating XPIState for {"id":"followonsearch@mozilla.com","syncGUID":"{653e97f3-f531-4548-86fb-dab55494cc24}","location":"app-system-defaults","version":"0.9.6","type":"extension","internalName":null,"updateURL":null,"updateKey":null,"optionsURL":null,"optionsType":null,"aboutURL":null,"defaultLocale":{"name":"Follow-on Search Telemetry","description":null,"creator":null,"homepageURL":null},"visible":true,"active":true,"userDisabled":false,"appDisabled":false,"installDate":1516959154761,"updateDate":1516959154761,"applyBackgroundUpdates":1,"bootstrap":true,"path":"C:\\Program Files (x86)\\Mozilla Firefox\\browser\\features\\followonsearch@mozilla.com.xpi","skinnable":false,"size":18625,"sourceURI":null,"releaseNotesURI":null,"softDisabled":false,"foreignInstall":false,"hasBinaryComponents":false,"strictCompatibility":false,"locales":[],"targetApplications":[{"id":"{ec8030f7-c20a-464f-9b0e-13a3a9e97384}","minVersion":"52.0","maxVersion":"59.*"}],"targetPlatforms":[],"multiprocessCompatible":true,"seen":true,"dependencies":[],"hasEmbeddedWebExtension":false,"mpcOptedOut":false,"userPermissions":null,"icons":{},"iconURL":null,"icon64URL":null,"blocklistState":0,"blocklistURL":null}
1516959458916	addons.xpi	DEBUG	Updating XPIState for {"id":"formautofill@mozilla.org","syncGUID":"{3cdbeb3c-1cc7-474b-b06d-5df17d9354fa}","location":"app-system-defaults","version":"1.0","type":"extension","internalName":null,"updateURL":null,"updateKey":null,"optionsURL":null,"optionsType":null,"aboutURL":null,"defaultLocale":{"name":"Form Autofill","description":"Autofill forms with saved profiles","creator":null,"homepageURL":null},"visible":true,"active":true,"userDisabled":false,"appDisabled":false,"installDate":1516959154758,"updateDate":1516959154758,"applyBackgroundUpdates":1,"bootstrap":true,"path":"C:\\Program Files (x86)\\Mozilla Firefox\\browser\\features\\formautofill@mozilla.org.xpi","skinnable":false,"size":380181,"sourceURI":null,"releaseNotesURI":null,"softDisabled":false,"foreignInstall":false,"hasBinaryComponents":false,"strictCompatibility":false,"locales":[],"targetApplications":[{"id":"{ec8030f7-c20a-464f-9b0e-13a3a9e97384}","minVersion":"57.0.4","maxVersion":"57.*"}],"targetPlatforms":[],"multiprocessCompatible":true,"seen":true,"dependencies":[],"hasEmbeddedWebExtension":false,"mpcOptedOut":false,"userPermissions":null,"icons":{},"iconURL":null,"icon64URL":null,"blocklistState":0,"blocklistURL":null}
1516959458916	addons.xpi	DEBUG	Updating XPIState for {"id":"onboarding@mozilla.org","syncGUID":"{be5bd723-4868-40d9-a4d9-f3ac750e22d6}","location":"app-system-defaults","version":"1.0","type":"extension","internalName":null,"updateURL":null,"updateKey":null,"optionsURL":null,"optionsType":null,"aboutURL":null,"defaultLocale":{"name":"Photon onboarding","description":"Photon onboarding","creator":null,"homepageURL":null},"visible":true,"active":true,"userDisabled":false,"appDisabled":false,"installDate":1516959154746,"updateDate":1516959154746,"applyBackgroundUpdates":1,"bootstrap":true,"path":"C:\\Program Files (x86)\\Mozilla Firefox\\browser\\features\\onboarding@mozilla.org.xpi","skinnable":false,"size":556889,"sourceURI":null,"releaseNotesURI":null,"softDisabled":false,"foreignInstall":false,"hasBinaryComponents":false,"strictCompatibility":false,"locales":[],"targetApplications":[{"id":"{ec8030f7-c20a-464f-9b0e-13a3a9e97384}","minVersion":"57.0.4","maxVersion":"57.*"}],"targetPlatforms":[],"multiprocessCompatible":true,"seen":true,"dependencies":[],"hasEmbeddedWebExtension":false,"mpcOptedOut":false,"userPermissions":null,"icons":{},"iconURL":null,"icon64URL":null,"blocklistState":0,"blocklistURL":null}
1516959458916	addons.xpi	DEBUG	Updating XPIState for {"id":"screenshots@mozilla.org","syncGUID":"{ab1a5268-673d-4da9-b03a-041d00e81c55}","location":"app-system-defaults","version":"19.2.0","type":"extension","internalName":null,"updateURL":null,"updateKey":null,"optionsURL":null,"optionsType":null,"aboutURL":null,"defaultLocale":{"name":"Firefox Screenshots","description":null,"creator":null,"homepageURL":"https://screenshots.firefox.com/"},"visible":true,"active":true,"userDisabled":false,"appDisabled":false,"installDate":1516959154722,"updateDate":1516959154722,"applyBackgroundUpdates":1,"bootstrap":true,"path":"C:\\Program Files (x86)\\Mozilla Firefox\\browser\\features\\screenshots@mozilla.org.xpi","skinnable":false,"size":884473,"sourceURI":null,"releaseNotesURI":null,"softDisabled":false,"foreignInstall":false,"hasBinaryComponents":false,"strictCompatibility":false,"locales":[],"targetApplications":[{"id":"{ec8030f7-c20a-464f-9b0e-13a3a9e97384}","minVersion":"57.0a1","maxVersion":"*"}],"targetPlatforms":[],"multiprocessCompatible":true,"seen":true,"dependencies":[],"hasEmbeddedWebExtension":false,"mpcOptedOut":false,"userPermissions":null,"icons":{},"iconURL":null,"icon64URL":null,"blocklistState":0,"blocklistURL":null}
1516959458916	addons.xpi	DEBUG	Updating XPIState for {"id":"shield-recipe-client@mozilla.org","syncGUID":"{b26e6564-9a72-45cb-bb70-ab7af3d111fd}","location":"app-system-defaults","version":"76.1","type":"extension","internalName":null,"updateURL":null,"updateKey":null,"optionsURL":null,"optionsType":null,"aboutURL":null,"defaultLocale":{"name":"Shield Recipe Client","description":"Client to download and run recipes for SHIELD, Heartbeat, etc.","creator":null,"homepageURL":null},"visible":true,"active":true,"userDisabled":false,"appDisabled":false,"installDate":1516959154672,"updateDate":1516959154672,"applyBackgroundUpdates":1,"bootstrap":true,"path":"C:\\Program Files (x86)\\Mozilla Firefox\\browser\\features\\shield-recipe-client@mozilla.org.xpi","skinnable":false,"size":364002,"sourceURI":null,"releaseNotesURI":null,"softDisabled":false,"foreignInstall":false,"hasBinaryComponents":false,"strictCompatibility":false,"locales":[],"targetApplications":[{"id":"{ec8030f7-c20a-464f-9b0e-13a3a9e97384}","minVersion":"57.0.4","maxVersion":"57.*"}],"targetPlatforms":[],"multiprocessCompatible":true,"seen":true,"dependencies":[],"hasEmbeddedWebExtension":false,"mpcOptedOut":false,"userPermissions":null,"icons":{},"iconURL":null,"icon64URL":null,"blocklistState":0,"blocklistURL":null}
1516959458916	addons.xpi	DEBUG	Updating XPIState for {"id":"webcompat@mozilla.org","syncGUID":"{75b3aa4b-397c-4d0b-b952-25baebec8dd5}","location":"app-system-defaults","version":"1.1","type":"extension","internalName":null,"updateURL":null,"updateKey":null,"optionsURL":null,"optionsType":null,"aboutURL":null,"defaultLocale":{"name":"Web Compat","description":"Urgent post-release fixes for web compatibility.","creator":null,"homepageURL":null},"visible":true,"active":true,"userDisabled":false,"appDisabled":false,"installDate":1516959154656,"updateDate":1516959154656,"applyBackgroundUpdates":1,"bootstrap":true,"path":"C:\\Program Files (x86)\\Mozilla Firefox\\browser\\features\\webcompat@mozilla.org.xpi","skinnable":false,"size":9268,"sourceURI":null,"releaseNotesURI":null,"softDisabled":false,"foreignInstall":false,"hasBinaryComponents":false,"strictCompatibility":false,"locales":[],"targetApplications":[{"id":"{ec8030f7-c20a-464f-9b0e-13a3a9e97384}","minVersion":"57.0.4","maxVersion":"57.*"}],"targetPlatforms":[],"multiprocessCompatible":true,"seen":true,"dependencies":[],"hasEmbeddedWebExtension":false,"mpcOptedOut":false,"userPermissions":null,"icons":{},"iconURL":null,"icon64URL":null,"blocklistState":0,"blocklistURL":null}
1516959458916	addons.xpi	DEBUG	Updating XPIState for {"id":"{972ce4c6-7e08-4474-a285-3208198ce6fd}","syncGUID":"{5ce1bf36-94c1-41f7-a8c3-0155eebe0f6d}","location":"app-global","version":"57.0.4","type":"theme","internalName":"classic/1.0","updateURL":null,"updateKey":null,"optionsURL":null,"optionsType":null,"optionsBrowserStyle":null,"aboutURL":null,"defaultLocale":{"name":"Default","description":"The default theme.","creator":"Mozilla","homepageURL":null,"contributors":["Mozilla Contributors"]},"visible":true,"active":true,"userDisabled":false,"appDisabled":false,"installDate":1516959154875,"updateDate":1516959154875,"applyBackgroundUpdates":1,"path":"C:\\Program Files (x86)\\Mozilla Firefox\\browser\\extensions\\{972ce4c6-7e08-4474-a285-3208198ce6fd}.xpi","skinnable":true,"size":3354,"sourceURI":null,"releaseNotesURI":null,"softDisabled":false,"foreignInstall":false,"hasBinaryComponents":false,"strictCompatibility":true,"locales":[],"targetApplications":[{"id":"{ec8030f7-c20a-464f-9b0e-13a3a9e97384}","minVersion":"57.0.4","maxVersion":"57.0.4"}],"targetPlatforms":[],"seen":true,"dependencies":[],"hasEmbeddedWebExtension":false,"userPermissions":null,"icons":{},"iconURL":"chrome://browser/content/default-theme-icon.svg","icon64URL":null,"blocklistState":0,"blocklistURL":null}
1516959458917	DeferredSave.extensions.json	DEBUG	Save changes
1516959458917	addons.xpi	DEBUG	Updating database with changes to installed add-ons
1516959458917	addons.xpi-utils	DEBUG	Updating add-on states
1516959458923	addons.xpi	DEBUG	Registering manifest for C:\Program Files (x86)\Mozilla Firefox\browser\features\activity-stream@mozilla.org.xpi
1516959458923	addons.xpi	DEBUG	Calling bootstrap method startup on activity-stream@mozilla.org version 2017.11.07.1100-7f4e3634
1516959458924	addons.xpi	DEBUG	Registering manifest for C:\Program Files (x86)\Mozilla Firefox\browser\features\aushelper@mozilla.org.xpi
1516959458924	addons.xpi	DEBUG	Calling bootstrap method startup on aushelper@mozilla.org version 2.0
1516959458926	addons.xpi	DEBUG	Registering manifest for C:\Program Files (x86)\Mozilla Firefox\browser\features\e10srollout@mozilla.org.xpi
1516959458927	addons.xpi	DEBUG	Calling bootstrap method startup on e10srollout@mozilla.org version 3.05
1516959458928	addons.xpi	DEBUG	Registering manifest for C:\Program Files (x86)\Mozilla Firefox\browser\features\firefox@getpocket.com.xpi
1516959458928	addons.xpi	DEBUG	Calling bootstrap method startup on firefox@getpocket.com version 1.0.5
1516959458938	addons.xpi	DEBUG	Registering manifest for C:\Program Files (x86)\Mozilla Firefox\browser\features\followonsearch@mozilla.com.xpi
1516959458938	addons.xpi	DEBUG	Calling bootstrap method startup on followonsearch@mozilla.com version 0.9.6
1516959458939	addons.xpi	DEBUG	Registering manifest for C:\Program Files (x86)\Mozilla Firefox\browser\features\formautofill@mozilla.org.xpi
1516959458939	addons.xpi	DEBUG	Calling bootstrap method startup on formautofill@mozilla.org version 1.0
1516959458939	addons.xpi	DEBUG	Registering manifest for C:\Program Files (x86)\Mozilla Firefox\browser\features\onboarding@mozilla.org.xpi
1516959458940	addons.xpi	DEBUG	Calling bootstrap method startup on onboarding@mozilla.org version 1.0
1516959458940	addons.xpi	DEBUG	Registering manifest for C:\Program Files (x86)\Mozilla Firefox\browser\features\screenshots@mozilla.org.xpi
1516959458941	addons.xpi	DEBUG	Calling bootstrap method startup on screenshots@mozilla.org version 19.2.0
1516959458941	addons.xpi	DEBUG	Registering manifest for C:\Program Files (x86)\Mozilla Firefox\browser\features\shield-recipe-client@mozilla.org.xpi
1516959458942	addons.xpi	DEBUG	Calling bootstrap method startup on shield-recipe-client@mozilla.org version 76.1
1516959458948	addons.xpi	DEBUG	Registering manifest for C:\Program Files (x86)\Mozilla Firefox\browser\features\webcompat@mozilla.org.xpi
1516959458949	addons.xpi	DEBUG	Calling bootstrap method startup on webcompat@mozilla.org version 1.1
1516959458952	addons.manager	DEBUG	Registering shutdown blocker for XPIProvider
1516959458952	addons.manager	DEBUG	Provider finished startup: XPIProvider
1516959458952	addons.manager	DEBUG	Starting provider: LightweightThemeManager
1516959458952	addons.manager	DEBUG	Registering shutdown blocker for LightweightThemeManager
1516959458952	addons.manager	DEBUG	Provider finished startup: LightweightThemeManager
1516959458953	addons.manager	DEBUG	Starting provider: GMPProvider
1516959458959	addons.manager	DEBUG	Registering shutdown blocker for GMPProvider
1516959458959	addons.manager	DEBUG	Provider finished startup: GMPProvider
1516959458959	addons.manager	DEBUG	Starting provider: PluginProvider
1516959458959	addons.manager	DEBUG	Registering shutdown blocker for PluginProvider
1516959458959	addons.manager	DEBUG	Provider finished startup: PluginProvider
1516959458960	addons.manager	DEBUG	Completed startup sequence
1516959459628	Marionette	INFO	Enabled via --marionette
1516959459771	addons.manager	DEBUG	Starting provider: PreviousExperimentProvider
1516959459771	addons.manager	DEBUG	Registering shutdown blocker for PreviousExperimentProvider
1516959459772	addons.manager	DEBUG	Provider finished startup: PreviousExperimentProvider
1516959461849	DeferredSave.extensions.json	DEBUG	Starting write
Unable to read VR Path Registry from C:\Users\janrapees\AppData\Local\openvr\openvrpaths.vrpath
[Child 31976, Chrome_ChildThread] WARNING: pipe error: 109: file z:/build/build/src/ipc/chromium/src/chrome/common/ipc_channel_win.cc, line 346
[Child 31976, Chrome_ChildThread] WARNING: pipe error: 109: file z:/build/build/src/ipc/chromium/src/chrome/common/ipc_channel_win.cc, line 346
1516959461909	DeferredSave.webext.sc.lz4	DEBUG	Save changes
1516959461909	DeferredSave.webext.sc.lz4	DEBUG	Starting timer
1516959461924	DeferredSave.webext.sc.lz4	DEBUG	Save changes
1516959461948	DeferredSave.webext.sc.lz4	DEBUG	Save changes
1516959461948	DeferredSave.webext.sc.lz4	DEBUG	Save changes
1516959461949	DeferredSave.webext.sc.lz4	DEBUG	Save changes
1516959461949	DeferredSave.webext.sc.lz4	DEBUG	Save changes
1516959461951	DeferredSave.webext.sc.lz4	DEBUG	Save changes
1516959461952	DeferredSave.webext.sc.lz4	DEBUG	Save changes
1516959461953	DeferredSave.webext.sc.lz4	DEBUG	Save changes
1516959461953	DeferredSave.webext.sc.lz4	DEBUG	Save changes
1516959461954	DeferredSave.webext.sc.lz4	DEBUG	Save changes
1516959461954	DeferredSave.webext.sc.lz4	DEBUG	Save changes
1516959461955	DeferredSave.webext.sc.lz4	DEBUG	Save changes
1516959461956	DeferredSave.webext.sc.lz4	DEBUG	Save changes
1516959461957	DeferredSave.webext.sc.lz4	DEBUG	Save changes
1516959461957	DeferredSave.webext.sc.lz4	DEBUG	Save changes
1516959461958	DeferredSave.webext.sc.lz4	DEBUG	Save changes
1516959461959	DeferredSave.webext.sc.lz4	DEBUG	Save changes
1516959461961	DeferredSave.webext.sc.lz4	DEBUG	Save changes
1516959461962	DeferredSave.webext.sc.lz4	DEBUG	Save changes
1516959461963	DeferredSave.webext.sc.lz4	DEBUG	Save changes
1516959461963	DeferredSave.webext.sc.lz4	DEBUG	Save changes
1516959461964	DeferredSave.webext.sc.lz4	DEBUG	Save changes
1516959461964	DeferredSave.webext.sc.lz4	DEBUG	Save changes
1516959461967	DeferredSave.webext.sc.lz4	DEBUG	Save changes
1516959461967	DeferredSave.webext.sc.lz4	DEBUG	Save changes
1516959461968	DeferredSave.webext.sc.lz4	DEBUG	Save changes
1516959461969	DeferredSave.webext.sc.lz4	DEBUG	Save changes
1516959461969	DeferredSave.webext.sc.lz4	DEBUG	Save changes
1516959461970	DeferredSave.webext.sc.lz4	DEBUG	Save changes
1516959461970	DeferredSave.webext.sc.lz4	DEBUG	Save changes
1516959461970	DeferredSave.webext.sc.lz4	DEBUG	Save changes
1516959461971	DeferredSave.webext.sc.lz4	DEBUG	Save changes
1516959461973	DeferredSave.webext.sc.lz4	DEBUG	Save changes
1516959461974	DeferredSave.webext.sc.lz4	DEBUG	Save changes
1516959461974	DeferredSave.webext.sc.lz4	DEBUG	Save changes
1516959461975	DeferredSave.webext.sc.lz4	DEBUG	Save changes
1516959461976	DeferredSave.webext.sc.lz4	DEBUG	Save changes
1516959461976	DeferredSave.webext.sc.lz4	DEBUG	Save changes
1516959461977	DeferredSave.webext.sc.lz4	DEBUG	Save changes
1516959461977	DeferredSave.webext.sc.lz4	DEBUG	Save changes
1516959461978	DeferredSave.webext.sc.lz4	DEBUG	Save changes
1516959461978	DeferredSave.webext.sc.lz4	DEBUG	Save changes
1516959461979	DeferredSave.webext.sc.lz4	DEBUG	Save changes
1516959461980	DeferredSave.webext.sc.lz4	DEBUG	Save changes
1516959461981	DeferredSave.webext.sc.lz4	DEBUG	Save changes
1516959461982	DeferredSave.webext.sc.lz4	DEBUG	Save changes
1516959461982	DeferredSave.webext.sc.lz4	DEBUG	Save changes
1516959461984	DeferredSave.webext.sc.lz4	DEBUG	Save changes
1516959461986	DeferredSave.webext.sc.lz4	DEBUG	Save changes
1516959461986	DeferredSave.webext.sc.lz4	DEBUG	Save changes
1516959461988	DeferredSave.webext.sc.lz4	DEBUG	Save changes
1516959461990	DeferredSave.extensions.json	DEBUG	Write succeeded
1516959461990	addons.xpi-utils	DEBUG	XPI Database saved, setting schema version preference to 23
1516959461993	DeferredSave.webext.sc.lz4	DEBUG	Save changes
1516959461995	DeferredSave.webext.sc.lz4	DEBUG	Save changes
1516959462113	DeferredSave.webext.sc.lz4	DEBUG	Save changes
1516959462115	DeferredSave.webext.sc.lz4	DEBUG	Save changes
1516959462397	addons.xpi	INFO	Mapping activity-stream@mozilla.org to C:\Program Files (x86)\Mozilla Firefox\browser\features\activity-stream@mozilla.org.xpi
1516959462398	addons.xpi	INFO	Mapping aushelper@mozilla.org to C:\Program Files (x86)\Mozilla Firefox\browser\features\aushelper@mozilla.org.xpi
1516959462398	addons.xpi	INFO	Mapping e10srollout@mozilla.org to C:\Program Files (x86)\Mozilla Firefox\browser\features\e10srollout@mozilla.org.xpi
1516959462398	addons.xpi	INFO	Mapping firefox@getpocket.com to C:\Program Files (x86)\Mozilla Firefox\browser\features\firefox@getpocket.com.xpi
1516959462398	addons.xpi	INFO	Mapping followonsearch@mozilla.com to C:\Program Files (x86)\Mozilla Firefox\browser\features\followonsearch@mozilla.com.xpi
1516959462398	addons.xpi	INFO	Mapping formautofill@mozilla.org to C:\Program Files (x86)\Mozilla Firefox\browser\features\formautofill@mozilla.org.xpi
1516959462398	addons.xpi	INFO	Mapping onboarding@mozilla.org to C:\Program Files (x86)\Mozilla Firefox\browser\features\onboarding@mozilla.org.xpi
1516959462398	addons.xpi	INFO	Mapping screenshots@mozilla.org to C:\Program Files (x86)\Mozilla Firefox\browser\features\screenshots@mozilla.org.xpi
1516959462398	addons.xpi	INFO	Mapping shield-recipe-client@mozilla.org to C:\Program Files (x86)\Mozilla Firefox\browser\features\shield-recipe-client@mozilla.org.xpi
1516959462398	addons.xpi	INFO	Mapping webcompat@mozilla.org to C:\Program Files (x86)\Mozilla Firefox\browser\features\webcompat@mozilla.org.xpi
1516959462399	addons.xpi	DEBUG	Existing add-on activity-stream@mozilla.org in app-system-defaults
1516959462399	addons.xpi	DEBUG	Existing add-on aushelper@mozilla.org in app-system-defaults
1516959462399	addons.xpi	DEBUG	Existing add-on e10srollout@mozilla.org in app-system-defaults
1516959462400	addons.xpi	DEBUG	Existing add-on firefox@getpocket.com in app-system-defaults
1516959462400	addons.xpi	DEBUG	Existing add-on followonsearch@mozilla.com in app-system-defaults
1516959462400	addons.xpi	DEBUG	Existing add-on formautofill@mozilla.org in app-system-defaults
1516959462400	addons.xpi	DEBUG	Existing add-on onboarding@mozilla.org in app-system-defaults
1516959462401	addons.xpi	DEBUG	Existing add-on screenshots@mozilla.org in app-system-defaults
1516959462401	addons.xpi	DEBUG	Existing add-on shield-recipe-client@mozilla.org in app-system-defaults
1516959462401	addons.xpi	DEBUG	Existing add-on webcompat@mozilla.org in app-system-defaults
1516959462402	addons.xpi	INFO	Mapping {972ce4c6-7e08-4474-a285-3208198ce6fd} to C:\Program Files (x86)\Mozilla Firefox\browser\extensions\{972ce4c6-7e08-4474-a285-3208198ce6fd}.xpi
1516959462402	addons.xpi	DEBUG	Existing add-on {972ce4c6-7e08-4474-a285-3208198ce6fd} in app-global
1516959462402	addons.xpi	DEBUG	getInstallState changed: false, state: {}
1516959464749	Marionette	INFO	Listening on port 27258
1516959465942	Marionette	DEBUG	Register listener.js for window 4294967297
1516959466914	DeferredSave.webext.sc.lz4	DEBUG	Starting write
1516959466928	DeferredSave.webext.sc.lz4	DEBUG	Write succeeded
1516959738727	addons.productaddons	INFO	sending request to: https://aus5.mozilla.org/update/3/GMP/57.0.4/20180103231032/WINNT_x86_64-msvc-x64/th/release/Windows_NT%206.1.1.0%20(x64)/default/default/update.xml
1516959739759	addons.productaddons	INFO	Completed downloading document
1516959740366	addons.productaddons	INFO	downloadXHR File download. status=200
1516959740386	addons.productaddons	INFO	Downloaded file will be saved to C:\Users\JANRAP~1\AppData\Local\Temp\tmpaddon-1276b1
1516959741919	addons.productaddons	INFO	downloadXHR File download. status=200
1516959741924	addons.productaddons	INFO	Downloaded file will be saved to C:\Users\JANRAP~1\AppData\Local\Temp\tmpaddon-73a27f
1516959849502	addons.manager	INFO	Skipping background update check
1516960048168	addons.xpi	DEBUG	Calling bootstrap method shutdown on webcompat@mozilla.org version 1.1
1516960048169	addons.xpi	DEBUG	Calling bootstrap method shutdown on shield-recipe-client@mozilla.org version 76.1
1516960048170	addons.xpi	DEBUG	Calling bootstrap method shutdown on screenshots@mozilla.org version 19.2.0
1516960048174	addons.xpi	DEBUG	Calling bootstrap method shutdown on onboarding@mozilla.org version 1.0
1516960048175	addons.xpi	DEBUG	Calling bootstrap method shutdown on 1517109156491	addons.manager	INFO	Skipping background update check
1517109396407	DeferredSave.extensions.json	DEBUG	Save changes
1517109396407	DeferredSave.extensions.json	DEBUG	Starting timer
1517109396431	DeferredSave.extensions.json	DEBUG	Starting write
1517109396441	DeferredSave.extensions.json	DEBUG	Write succeeded
llout@mozilla.org version 3.05
1516960048176	addons.xpi	DEBUG	Calling bootstrap method shutdown on aushelper@mozilla.org version 2.0
1516960048177	addons.xpi	DEBUG	Calling bootstrap method shutdown on activity-stream@mozilla.org version 2017.11.07.1100-7f4e3634
Unable to read VR Path Registry from C:\Users\janrapees\AppData\Local\openvr\openvrpaths.vrpath
[Child 27920, Chrome_ChildThread] WARNING: pipe error: 109: file z:/build/build/src/ipc/chromium/src/chrome/common/ipc_channel_win.cc, line 346
[Child 27920, Chrome_ChildThread] WARNING: pipe error: 109: file z:/build/build/src/ipc/chromium/src/chrome/common/ipc_channel_win.cc, line 346
1516960048285	addons.manager	DEBUG	shutdown
1516960048285	addons.manager	DEBUG	Calling shutdown blocker for XPIProvider
1516960048286	addons.xpi	DEBUG	shutdown
1516960048286	addons.xpi-utils	DEBUG	shutdown
1516960048286	addons.manager	DEBUG	Calling shutdown blocker for LightweightThemeManager
1516960048286	addons.manager	DEBUG	Calling shutdown blocker for GMPProvider
1516960048287	addons.manager	DEBUG	Calling shutdown blocker for PluginProvider
1516960048287	addons.manager	DEBUG	Calling shutdown blocker for PreviousExperimentProvider
1516960048301	addons.manager	DEBUG	Async provider shutdown done
Unable to read VR Path Registry from C:\Users\janrapees\AppData\Local\openvr\openvrpaths.vrpath
[GPU 13868, Chrome_ChildThread] WARNING: pipe error: 109: file z:/build/build/src/ipc/chromium/src/chrome/common/ipc_channel_win.cc, line 346
Unable to read VR Path Registry from C:\Users\janrapees\AppData\Local\openvr\openvrpaths.vrpath
